/home/ubuntu/.local/lib/python3.13/site-packages/playwright_stealth/stealth.py:6: UserWarning: pkg_resources is deprecated as an API. See https://setuptools.pypa.io/en/latest/pkg_resources.html. The pkg_resources package is slated for removal as early as 2025-11-30. Refrain from using this package or pin to Setuptools<81.
  import pkg_resources
Traceback (most recent call last):
  File "/workspace/run_api.py", line 15, in <module>
    asyncio.run(main())
    ~~~~~~~~~~~^^^^^^^^
  File "/usr/lib/python3.13/asyncio/runners.py", line 195, in run
    return runner.run(main)
           ~~~~~~~~~~^^^^^^
  File "/usr/lib/python3.13/asyncio/runners.py", line 118, in run
    return self._loop.run_until_complete(task)
           ~~~~~~~~~~~~~~~~~~~~~~~~~~~~~^^^^^^
  File "/usr/lib/python3.13/asyncio/base_events.py", line 719, in run_until_complete
    return future.result()
           ~~~~~~~~~~~~~^^
  File "/workspace/run_api.py", line 11, in main
    await run_api_poller(str(DB_PATH), interval_seconds=30)
  File "/home/ubuntu/.local/lib/python3.13/site-packages/backoff/_async.py", line 151, in retry
    ret = await target(*args, **kwargs)
          ^^^^^^^^^^^^^^^^^^^^^^^^^^^^^
  File "/workspace/tippmix_scraper/scraper.py", line 405, in run_api_poller
    async with httpx.AsyncClient(headers=headers, http2=True, verify=True) as client:
               ~~~~~~~~~~~~~~~~~^^^^^^^^^^^^^^^^^^^^^^^^^^^^^^^^^^^^^^^^^^
  File "/home/ubuntu/.local/lib/python3.13/site-packages/httpx/_client.py", line 1418, in __init__
    raise ImportError(
    ...<2 lines>...
    ) from None
ImportError: Using http2=True, but the 'h2' package is not installed. Make sure to install httpx using `pip install httpx[http2]`.
